Build started 17 Mar 2015 10:57:54 AM.
     1>Project "C:\Users\Jpro\Desktop\Stuff\CS179.14\final\final.vcxproj" on node 2 (build target(s)).
     1>InitializeBuildStatus:
         Touching "Debug\final.unsuccessfulbuild".
       ClCompile:
         C:\Program Files (x86)\Microsoft Visual Studio 10.0\VC\bin\CL.exe /c /IC:\Users\Jpro\Desktop\Stuff\CS179.14\final\\SFML\include\ /ZI /nologo /W3 /WX- /Od /Oy- /Gm /EHsc /RTC1 /MDd /GS /fp:precise /Zc:wchar_t /Zc:forScope /Fo"Debug\\" /Fd"Debug\vc100.pdb" /Gd /TP /analyze- /errorReport:prompt src\main.cpp
         main.cpp
     1>c:\users\jpro\desktop\stuff\cs179.14\final\src\main.cpp(36): warning C4244: 'argument' : conversion from 'const int' to 'float', possible loss of data
     1>c:\users\jpro\desktop\stuff\cs179.14\final\src\main.cpp(36): warning C4244: 'argument' : conversion from 'const int' to 'float', possible loss of data
     1>c:\users\jpro\desktop\stuff\cs179.14\final\src\main.cpp(70): error C2660: 'Node::setPos' : function does not take 1 arguments
     1>c:\users\jpro\desktop\stuff\cs179.14\final\src\main.cpp(174): error C2065: 'sstring' : undeclared identifier
     1>c:\users\jpro\desktop\stuff\cs179.14\final\src\main.cpp(174): error C2955: 'std::map' : use of class template requires template argument list
                 c:\program files (x86)\microsoft visual studio 10.0\vc\include\map(80) : see declaration of 'std::map'
     1>c:\users\jpro\desktop\stuff\cs179.14\final\src\main.cpp(174): error C2514: 'std::_Tree_const_iterator<std::_Tree_val<_Traits>>' : class has no constructors
     1>c:\users\jpro\desktop\stuff\cs179.14\final\src\main.cpp(175): error C2039: 'GetFrameTime' : is not a member of 'sf::RenderWindow'
                 c:\users\jpro\desktop\stuff\cs179.14\final\sfml\include\sfml\graphics\renderwindow.hpp(44) : see declaration of 'sf::RenderWindow'
     1>c:\users\jpro\desktop\stuff\cs179.14\final\src\main.cpp(177): fatal error C1903: unable to recover from previous error(s); stopping compilation
     1>Done Building Project "C:\Users\Jpro\Desktop\Stuff\CS179.14\final\final.vcxproj" (build target(s)) -- FAILED.

Build FAILED.

Time Elapsed 00:00:00.76
